0 info it worked if it ends with ok
1 verbose cli [ '/usr/local/bin/node',
1 verbose cli   '/Users/mac3/.npm-packages/bin/npm',
1 verbose cli   'start' ]
2 info using npm@4.0.5
3 info using node@v6.3.1
4 verbose run-script [ 'prestart', 'start', 'poststart' ]
5 info lifecycle DemoSite@0.0.1~prestart: DemoSite@0.0.1
6 silly lifecycle DemoSite@0.0.1~prestart: no script for prestart, continuing
7 info lifecycle DemoSite@0.0.1~start: DemoSite@0.0.1
8 verbose lifecycle DemoSite@0.0.1~start: unsafe-perm in lifecycle true
9 verbose lifecycle DemoSite@0.0.1~start: PATH: /Users/mac3/.npm-packages/lib/node_modules/npm/bin/node-gyp-bin:/Volumes/suntec-HD/DEV_ZONE/NodeJS/demoSite/node_modules/.bin:/Users/mac3/.rvm/gems/ruby-2.3.1/bin:/Users/mac3/.rvm/gems/ruby-2.3.1@global/bin:/Users/mac3/.rvm/rubies/ruby-2.3.1/bin:/Users/mac3/.npm-packages/bin:/Library/Frameworks/Python.framework/Versions/3.5/bin:/usr/local/bin:/usr/bin:/bin:/usr/sbin:/sbin:/usr/local/share/dotnet:/Library/Frameworks/Mono.framework/Versions/Current/Commands:/Volumes/suntec-HD/resources:/Volumes/suntec-HD/android-dev/sdk/platform-tools/:/Volumes/suntec-HD/android-dev/android-ndk-r10e:/Volumes/suntec-HD/android-dev/sdk/tools:/Volumes/suntec-HD/android-dev/sdk/platform-tools:/Volumes/suntec-HD/android-dev/android-ndk-r10e:/Users/mac3/.rvm/bin:/Users/mac3/j2objc:/Users/mac3/j2objc
10 verbose lifecycle DemoSite@0.0.1~start: CWD: /Volumes/suntec-HD/DEV_ZONE/NodeJS/demoSite
11 silly lifecycle DemoSite@0.0.1~start: Args: [ '-c', 'node Server.js' ]
12 silly lifecycle DemoSite@0.0.1~start: Returned: code: 1  signal: null
13 info lifecycle DemoSite@0.0.1~start: Failed to exec start script
14 verbose stack Error: DemoSite@0.0.1 start: `node Server.js`
14 verbose stack Exit status 1
14 verbose stack     at EventEmitter.<anonymous> (/Users/mac3/.npm-packages/lib/node_modules/npm/lib/utils/lifecycle.js:279:16)
14 verbose stack     at emitTwo (events.js:106:13)
14 verbose stack     at EventEmitter.emit (events.js:191:7)
14 verbose stack     at ChildProcess.<anonymous> (/Users/mac3/.npm-packages/lib/node_modules/npm/lib/utils/spawn.js:40:14)
14 verbose stack     at emitTwo (events.js:106:13)
14 verbose stack     at ChildProcess.emit (events.js:191:7)
14 verbose stack     at maybeClose (internal/child_process.js:852:16)
14 verbose stack     at Process.ChildProcess._handle.onexit (internal/child_process.js:215:5)
15 verbose pkgid DemoSite@0.0.1
16 verbose cwd /Volumes/suntec-HD/DEV_ZONE/NodeJS/demoSite
17 error Darwin 16.7.0
18 error argv "/usr/local/bin/node" "/Users/mac3/.npm-packages/bin/npm" "start"
19 error node v6.3.1
20 error npm  v4.0.5
21 error code ELIFECYCLE
22 error DemoSite@0.0.1 start: `node Server.js`
22 error Exit status 1
23 error Failed at the DemoSite@0.0.1 start script 'node Server.js'.
23 error Make sure you have the latest version of node.js and npm installed.
23 error If you do, this is most likely a problem with the DemoSite package,
23 error not with npm itself.
23 error Tell the author that this fails on your system:
23 error     node Server.js
23 error You can get information on how to open an issue for this project with:
23 error     npm bugs DemoSite
23 error Or if that isn't available, you can get their info via:
23 error     npm owner ls DemoSite
23 error There is likely additional logging output above.
24 verbose exit [ 1, true ]
